# JRE version: Java(TM) SE Runtime Environment (8.0_231-b11) (build 1.8.0_231-b11)
# Java VM: Java HotSpot(TM) 64-Bit Server VM (25.231-b11 mixed mode windows-amd64 compressed oops)
Heap:
 PSYoungGen      total 653824K, used 120508K [0x00000000d5580000, 0x0000000100000000, 0x0000000100000000)
  eden space 608768K, 17% used [0x00000000d5580000,0x00000000dbef9238,0x00000000fa800000)
  from space 45056K, 27% used [0x00000000fa800000,0x00000000fb435e08,0x00000000fd400000)
  to   space 42496K, 0% used [0x00000000fd680000,0x00000000fd680000,0x0000000100000000)
 ParOldGen       total 235008K, used 177028K [0x0000000080000000, 0x000000008e580000, 0x00000000d5580000)
  object space 235008K, 75% used [0x0000000080000000,0x000000008ace1128,0x000000008e580000)
 Metaspace       used 89299K, capacity 94623K, committed 96768K, reserved 1132544K
  class space    used 12373K, capacity 13288K, committed 13824K, reserved 1048576K
GC Heap History (10 events):
Event: 54.087 GC heap before
{Heap before GC invocations=29 (full 4):
 PSYoungGen      total 610304K, used 581449K [0x00000000d5580000, 0x00000000fcf80000, 0x0000000100000000)
  eden space 573440K, 100% used [0x00000000d5580000,0x00000000f8580000,0x00000000f8580000)
  from space 36864K, 21% used [0x00000000fab80000,0x00000000fb3527f0,0x00000000fcf80000)
  to   space 37888K, 0% used [0x00000000f8580000,0x00000000f8580000,0x00000000faa80000)
 ParOldGen       total 235008K, used 112539K [0x0000000080000000, 0x000000008e580000, 0x00000000d5580000)
  object space 235008K, 47% used [0x0000000080000000,0x0000000086de6f68,0x000000008e580000)
 Metaspace       used 89130K, capacity 94471K, committed 96512K, reserved 1132544K
  class space    used 12369K, capacity 13286K, committed 13824K, reserved 1048576K
Event: 54.191 GC heap after
Heap after GC invocations=29 (full 4):
 PSYoungGen      total 611328K, used 16779K [0x00000000d5580000, 0x00000000ffe00000, 0x0000000100000000)
  eden space 573440K, 0% used [0x00000000d5580000,0x00000000d5580000,0x00000000f8580000)
  from space 37888K, 44% used [0x00000000f8580000,0x00000000f95e2f28,0x00000000faa80000)
  to   space 36352K, 0% used [0x00000000fda80000,0x00000000fda80000,0x00000000ffe00000)
 ParOldGen       total 235008K, used 117554K [0x0000000080000000, 0x000000008e580000, 0x00000000d5580000)
  object space 235008K, 50% used [0x0000000080000000,0x00000000872cc9b8,0x000000008e580000)
 Metaspace       used 89130K, capacity 94471K, committed 96512K, reserved 1132544K
  class space    used 12369K, capacity 13286K, committed 13824K, reserved 1048576K
}
Event: 56.910 GC heap before
{Heap before GC invocations=30 (full 4):
 PSYoungGen      total 611328K, used 590219K [0x00000000d5580000, 0x00000000ffe00000, 0x0000000100000000)
  eden space 573440K, 100% used [0x00000000d5580000,0x00000000f8580000,0x00000000f8580000)
  from space 37888K, 44% used [0x00000000f8580000,0x00000000f95e2f28,0x00000000faa80000)
  to   space 36352K, 0% used [0x00000000fda80000,0x00000000fda80000,0x00000000ffe00000)
 ParOldGen       total 235008K, used 117554K [0x0000000080000000, 0x000000008e580000, 0x00000000d5580000)
  object space 235008K, 50% used [0x0000000080000000,0x00000000872cc9b8,0x000000008e580000)
 Metaspace       used 89174K, capacity 94477K, committed 96512K, reserved 1132544K
  class space    used 12370K, capacity 13287K, committed 13824K, reserved 1048576K
Event: 56.953 GC heap after
Heap after GC invocations=30 (full 4):
 PSYoungGen      total 660480K, used 5184K [0x00000000d5580000, 0x00000000ffd80000, 0x0000000100000000)
  eden space 624640K, 0% used [0x00000000d5580000,0x00000000d5580000,0x00000000fb780000)
  from space 35840K, 14% used [0x00000000fda80000,0x00000000fdf90000,0x00000000ffd80000)
  to   space 35840K, 0% used [0x00000000fb780000,0x00000000fb780000,0x00000000fda80000)
 ParOldGen       total 235008K, used 130833K [0x0000000080000000, 0x000000008e580000, 0x00000000d5580000)
  object space 235008K, 55% used [0x0000000080000000,0x0000000087fc47b8,0x000000008e580000)
 Metaspace       used 89174K, capacity 94477K, committed 96512K, reserved 1132544K
  class space    used 12370K, capacity 13287K, committed 13824K, reserved 1048576K
}
Event: 59.682 GC heap before
{Heap before GC invocations=31 (full 4):
 PSYoungGen      total 660480K, used 629824K [0x00000000d5580000, 0x00000000ffd80000, 0x0000000100000000)
  eden space 624640K, 100% used [0x00000000d5580000,0x00000000fb780000,0x00000000fb780000)
  from space 35840K, 14% used [0x00000000fda80000,0x00000000fdf90000,0x00000000ffd80000)
  to   space 35840K, 0% used [0x00000000fb780000,0x00000000fb780000,0x00000000fda80000)
 ParOldGen       total 235008K, used 130833K [0x0000000080000000, 0x000000008e580000, 0x00000000d5580000)
  object space 235008K, 55% used [0x0000000080000000,0x0000000087fc47b8,0x000000008e580000)
 Metaspace       used 89234K, capacity 94553K, committed 96768K, reserved 1132544K
  class space    used 12371K, capacity 13287K, committed 13824K, reserved 1048576K
Event: 59.709 GC heap after
Heap after GC invocations=31 (full 4):
 PSYoungGen      total 660480K, used 14761K [0x00000000d5580000, 0x00000000ffd00000, 0x0000000100000000)
  eden space 624640K, 0% used [0x00000000d5580000,0x00000000d5580000,0x00000000fb780000)
  from space 35840K, 41% used [0x00000000fb780000,0x00000000fc5ea730,0x00000000fda80000)
  to   space 34304K, 0% used [0x00000000fdb80000,0x00000000fdb80000,0x00000000ffd00000)
 ParOldGen       total 235008K, used 134055K [0x0000000080000000, 0x000000008e580000, 0x00000000d5580000)
  object space 235008K, 57% used [0x0000000080000000,0x00000000882e9c58,0x000000008e580000)
 Metaspace       used 89234K, capacity 94553K, committed 96768K, reserved 1132544K
  class space    used 12371K, capacity 13287K, committed 13824K, reserved 1048576K
}
Event: 60.660 GC heap before
{Heap before GC invocations=32 (full 4):
 PSYoungGen      total 660480K, used 639401K [0x00000000d5580000, 0x00000000ffd00000, 0x0000000100000000)
  eden space 624640K, 100% used [0x00000000d5580000,0x00000000fb780000,0x00000000fb780000)
  from space 35840K, 41% used [0x00000000fb780000,0x00000000fc5ea730,0x00000000fda80000)
  to   space 34304K, 0% used [0x00000000fdb80000,0x00000000fdb80000,0x00000000ffd00000)
 ParOldGen       total 235008K, used 134055K [0x0000000080000000, 0x000000008e580000, 0x00000000d5580000)
  object space 235008K, 57% used [0x0000000080000000,0x00000000882e9c58,0x000000008e580000)
 Metaspace       used 89274K, capacity 94617K, committed 96768K, reserved 1132544K
  class space    used 12371K, capacity 13287K, committed 13824K, reserved 1048576K
Event: 60.736 GC heap after
Heap after GC invocations=32 (full 4):
 PSYoungGen      total 643072K, used 34279K [0x00000000d5580000, 0x0000000100000000, 0x0000000100000000)
  eden space 608768K, 0% used [0x00000000d5580000,0x00000000d5580000,0x00000000fa800000)
  from space 34304K, 99% used [0x00000000fdb80000,0x00000000ffcf9d38,0x00000000ffd00000)
  to   space 45056K, 0% used [0x00000000fa800000,0x00000000fa800000,0x00000000fd400000)
 ParOldGen       total 235008K, used 147500K [0x0000000080000000, 0x000000008e580000, 0x00000000d5580000)
  object space 235008K, 62% used [0x0000000080000000,0x000000008900b0f8,0x000000008e580000)
 Metaspace       used 89274K, capacity 94617K, committed 96768K, reserved 1132544K
  class space    used 12371K, capacity 13287K, committed 13824K, reserved 1048576K
}
Event: 61.947 GC heap before
{Heap before GC invocations=33 (full 4):
 PSYoungGen      total 643072K, used 643047K [0x00000000d5580000, 0x0000000100000000, 0x0000000100000000)
  eden space 608768K, 100% used [0x00000000d5580000,0x00000000fa800000,0x00000000fa800000)
  from space 34304K, 99% used [0x00000000fdb80000,0x00000000ffcf9d38,0x00000000ffd00000)
  to   space 45056K, 0% used [0x00000000fa800000,0x00000000fa800000,0x00000000fd400000)
 ParOldGen       total 235008K, used 147500K [0x0000000080000000, 0x000000008e580000, 0x00000000d5580000)
  object space 235008K, 62% used [0x0000000080000000,0x000000008900b0f8,0x000000008e580000)
 Metaspace       used 89296K, capacity 94623K, committed 96768K, reserved 1132544K
  class space    used 12373K, capacity 13288K, committed 13824K, reserved 1048576K
Event: 62.000 GC heap after
Heap after GC invocations=33 (full 4):
 PSYoungGen      total 653824K, used 12503K [0x00000000d5580000, 0x0000000100000000, 0x0000000100000000)
  eden space 608768K, 0% used [0x00000000d5580000,0x00000000d5580000,0x00000000fa800000)
  from space 45056K, 27% used [0x00000000fa800000,0x00000000fb435e08,0x00000000fd400000)
  to   space 42496K, 0% used [0x00000000fd680000,0x00000000fd680000,0x0000000100000000)
 ParOldGen       total 235008K, used 177028K [0x0000000080000000, 0x000000008e580000, 0x00000000d5580000)
  object space 235008K, 75% used [0x0000000080000000,0x000000008ace1128,0x000000008e580000)
 Metaspace       used 89296K, capacity 94623K, committed 96768K, reserved 1132544K
  class space    used 12373K, capacity 13288K, committed 13824K, reserved 1048576K
}

