# JRE version: Java(TM) SE Runtime Environment (8.0_231-b11) (build 1.8.0_231-b11)
# Java VM: Java HotSpot(TM) 64-Bit Server VM (25.231-b11 mixed mode windows-amd64 compressed oops)
Heap:
 PSYoungGen      total 414208K, used 75509K [0x00000000d5580000, 0x00000000f7480000, 0x0000000100000000)
  eden space 386048K, 12% used [0x00000000d5580000,0x00000000d83c0178,0x00000000ece80000)
  from space 28160K, 99% used [0x00000000ece80000,0x00000000ee9fd5d0,0x00000000eea00000)
  to   space 47104K, 0% used [0x00000000f4680000,0x00000000f4680000,0x00000000f7480000)
 ParOldGen       total 150528K, used 83588K [0x0000000080000000, 0x0000000089300000, 0x00000000d5580000)
  object space 150528K, 55% used [0x0000000080000000,0x00000000851a10f0,0x0000000089300000)
 Metaspace       used 76959K, capacity 81851K, committed 82176K, reserved 1120256K
  class space    used 10853K, capacity 11694K, committed 11776K, reserved 1048576K
GC Heap History (10 events):
Event: 16.692 GC heap before
{Heap before GC invocations=10 (full 2):
 PSYoungGen      total 275968K, used 261120K [0x00000000d5580000, 0x00000000eb980000, 0x0000000100000000)
  eden space 261120K, 100% used [0x00000000d5580000,0x00000000e5480000,0x00000000e5480000)
  from space 14848K, 0% used [0x00000000e5480000,0x00000000e5480000,0x00000000e6300000)
  to   space 14336K, 0% used [0x00000000eab80000,0x00000000eab80000,0x00000000eb980000)
 ParOldGen       total 97792K, used 16509K [0x0000000080000000, 0x0000000085f80000, 0x00000000d5580000)
  object space 97792K, 16% used [0x0000000080000000,0x000000008101f770,0x0000000085f80000)
 Metaspace       used 47330K, capacity 49703K, committed 49920K, reserved 1091584K
  class space    used 6568K, capacity 7044K, committed 7168K, reserved 1048576K
Event: 16.727 GC heap after
Heap after GC invocations=10 (full 2):
 PSYoungGen      total 346112K, used 14330K [0x00000000d5580000, 0x00000000ecd80000, 0x0000000100000000)
  eden space 331776K, 0% used [0x00000000d5580000,0x00000000d5580000,0x00000000e9980000)
  from space 14336K, 99% used [0x00000000eab80000,0x00000000eb97ebc0,0x00000000eb980000)
  to   space 18432K, 0% used [0x00000000e9980000,0x00000000e9980000,0x00000000eab80000)
 ParOldGen       total 97792K, used 21543K [0x0000000080000000, 0x0000000085f80000, 0x00000000d5580000)
  object space 97792K, 22% used [0x0000000080000000,0x0000000081509df0,0x0000000085f80000)
 Metaspace       used 47330K, capacity 49703K, committed 49920K, reserved 1091584K
  class space    used 6568K, capacity 7044K, committed 7168K, reserved 1048576K
}
Event: 22.581 GC heap before
{Heap before GC invocations=11 (full 2):
 PSYoungGen      total 346112K, used 129427K [0x00000000d5580000, 0x00000000ecd80000, 0x0000000100000000)
  eden space 331776K, 34% used [0x00000000d5580000,0x00000000dc5e62e8,0x00000000e9980000)
  from space 14336K, 99% used [0x00000000eab80000,0x00000000eb97ebc0,0x00000000eb980000)
  to   space 18432K, 0% used [0x00000000e9980000,0x00000000e9980000,0x00000000eab80000)
 ParOldGen       total 97792K, used 21543K [0x0000000080000000, 0x0000000085f80000, 0x00000000d5580000)
  object space 97792K, 22% used [0x0000000080000000,0x0000000081509df0,0x0000000085f80000)
 Metaspace       used 56390K, capacity 58965K, committed 59096K, reserved 1099776K
  class space    used 7750K, capacity 8240K, committed 8320K, reserved 1048576K
Event: 22.611 GC heap after
Heap after GC invocations=11 (full 2):
 PSYoungGen      total 350208K, used 18409K [0x00000000d5580000, 0x00000000f0000000, 0x0000000100000000)
  eden space 331776K, 0% used [0x00000000d5580000,0x00000000d5580000,0x00000000e9980000)
  from space 18432K, 99% used [0x00000000e9980000,0x00000000eab7a5d0,0x00000000eab80000)
  to   space 22528K, 0% used [0x00000000eea00000,0x00000000eea00000,0x00000000f0000000)
 ParOldGen       total 97792K, used 24900K [0x0000000080000000, 0x0000000085f80000, 0x00000000d5580000)
  object space 97792K, 25% used [0x0000000080000000,0x00000000818513a0,0x0000000085f80000)
 Metaspace       used 56390K, capacity 58965K, committed 59096K, reserved 1099776K
  class space    used 7750K, capacity 8240K, committed 8320K, reserved 1048576K
}
Event: 22.611 GC heap before
{Heap before GC invocations=12 (full 3):
 PSYoungGen      total 350208K, used 18409K [0x00000000d5580000, 0x00000000f0000000, 0x0000000100000000)
  eden space 331776K, 0% used [0x00000000d5580000,0x00000000d5580000,0x00000000e9980000)
  from space 18432K, 99% used [0x00000000e9980000,0x00000000eab7a5d0,0x00000000eab80000)
  to   space 22528K, 0% used [0x00000000eea00000,0x00000000eea00000,0x00000000f0000000)
 ParOldGen       total 97792K, used 24900K [0x0000000080000000, 0x0000000085f80000, 0x00000000d5580000)
  object space 97792K, 25% used [0x0000000080000000,0x00000000818513a0,0x0000000085f80000)
 Metaspace       used 56390K, capacity 58965K, committed 59096K, reserved 1099776K
  class space    used 7750K, capacity 8240K, committed 8320K, reserved 1048576K
Event: 22.926 GC heap after
Heap after GC invocations=12 (full 3):
 PSYoungGen      total 350208K, used 0K [0x00000000d5580000, 0x00000000f0000000, 0x0000000100000000)
  eden space 331776K, 0% used [0x00000000d5580000,0x00000000d5580000,0x00000000e9980000)
  from space 18432K, 0% used [0x00000000e9980000,0x00000000e9980000,0x00000000eab80000)
  to   space 22528K, 0% used [0x00000000eea00000,0x00000000eea00000,0x00000000f0000000)
 ParOldGen       total 150528K, used 35916K [0x0000000080000000, 0x0000000089300000, 0x00000000d5580000)
  object space 150528K, 23% used [0x0000000080000000,0x00000000823130b8,0x0000000089300000)
 Metaspace       used 56383K, capacity 58941K, committed 59096K, reserved 1099776K
  class space    used 7748K, capacity 8236K, committed 8320K, reserved 1048576K
}
Event: 29.563 GC heap before
{Heap before GC invocations=13 (full 3):
 PSYoungGen      total 350208K, used 331776K [0x00000000d5580000, 0x00000000f0000000, 0x0000000100000000)
  eden space 331776K, 100% used [0x00000000d5580000,0x00000000e9980000,0x00000000e9980000)
  from space 18432K, 0% used [0x00000000e9980000,0x00000000e9980000,0x00000000eab80000)
  to   space 22528K, 0% used [0x00000000eea00000,0x00000000eea00000,0x00000000f0000000)
 ParOldGen       total 150528K, used 35916K [0x0000000080000000, 0x0000000089300000, 0x00000000d5580000)
  object space 150528K, 23% used [0x0000000080000000,0x00000000823130b8,0x0000000089300000)
 Metaspace       used 71531K, capacity 75327K, committed 75392K, reserved 1114112K
  class space    used 10120K, capacity 10824K, committed 10880K, reserved 1048576K
Event: 29.621 GC heap after
Heap after GC invocations=13 (full 3):
 PSYoungGen      total 408576K, used 22508K [0x00000000d5580000, 0x00000000f0900000, 0x0000000100000000)
  eden space 386048K, 0% used [0x00000000d5580000,0x00000000d5580000,0x00000000ece80000)
  from space 22528K, 99% used [0x00000000eea00000,0x00000000efffb018,0x00000000f0000000)
  to   space 28160K, 0% used [0x00000000ece80000,0x00000000ece80000,0x00000000eea00000)
 ParOldGen       total 150528K, used 42660K [0x0000000080000000, 0x0000000089300000, 0x00000000d5580000)
  object space 150528K, 28% used [0x0000000080000000,0x00000000829a9398,0x0000000089300000)
 Metaspace       used 71531K, capacity 75327K, committed 75392K, reserved 1114112K
  class space    used 10120K, capacity 10824K, committed 10880K, reserved 1048576K
}
Event: 35.078 GC heap before
{Heap before GC invocations=14 (full 3):
 PSYoungGen      total 408576K, used 408556K [0x00000000d5580000, 0x00000000f0900000, 0x0000000100000000)
  eden space 386048K, 100% used [0x00000000d5580000,0x00000000ece80000,0x00000000ece80000)
  from space 22528K, 99% used [0x00000000eea00000,0x00000000efffb018,0x00000000f0000000)
  to   space 28160K, 0% used [0x00000000ece80000,0x00000000ece80000,0x00000000eea00000)
 ParOldGen       total 150528K, used 42660K [0x0000000080000000, 0x0000000089300000, 0x00000000d5580000)
  object space 150528K, 28% used [0x0000000080000000,0x00000000829a9398,0x0000000089300000)
 Metaspace       used 76456K, capacity 81323K, committed 81536K, reserved 1120256K
  class space    used 10776K, capacity 11614K, committed 11648K, reserved 1048576K
Event: 35.168 GC heap after
Heap after GC invocations=14 (full 3):
 PSYoungGen      total 414208K, used 28149K [0x00000000d5580000, 0x00000000f7480000, 0x0000000100000000)
  eden space 386048K, 0% used [0x00000000d5580000,0x00000000d5580000,0x00000000ece80000)
  from space 28160K, 99% used [0x00000000ece80000,0x00000000ee9fd5d0,0x00000000eea00000)
  to   space 47104K, 0% used [0x00000000f4680000,0x00000000f4680000,0x00000000f7480000)
 ParOldGen       total 150528K, used 83588K [0x0000000080000000, 0x0000000089300000, 0x00000000d5580000)
  object space 150528K, 55% used [0x0000000080000000,0x00000000851a10f0,0x0000000089300000)
 Metaspace       used 76456K, capacity 81323K, committed 81536K, reserved 1120256K
  class space    used 10776K, capacity 11614K, committed 11648K, reserved 1048576K
}

